[2025-06-01 10:56:23] ✅ Data succesvol opgeslagen.
[2025-06-01 10:56:57] ✅ Data succesvol opgeslagen.
[2025-06-01 11:06:04] ✅ Data succesvol opgeslagen.
[2025-06-01 11:06:16] ✅ Data succesvol opgeslagen.
[2025-06-01 11:06:27] ✅ Data succesvol opgeslagen.
[2025-06-01 11:06:47] ✅ Data succesvol opgeslagen.
[2025-06-01 11:20:05] ✅ Data succesvol opgeslagen.
[2025-06-01 11:20:09] ✅ Data succesvol opgeslagen.
[2025-06-01 11:22:13] ✅ Data succesvol opgeslagen.
[2025-06-01 11:23:09] ✅ Data succesvol opgeslagen.
[2025-06-01 11:26:17] ✅ Data succesvol opgeslagen.
[2025-06-01 11:26:31] ✅ Data succesvol opgeslagen.
[2025-06-01 11:26:34] ✅ Data succesvol opgeslagen.
[2025-06-02 05:26:24] ✅ Data succesvol opgeslagen.
[2025-06-03 05:26:25] ✅ Data succesvol opgeslagen.
[2025-06-04 05:26:24] ✅ Data succesvol opgeslagen.
[2025-06-05 05:26:24] ✅ Data succesvol opgeslagen.
[2025-06-06 05:26:24] ✅ Data succesvol opgeslagen.
[2025-06-11 07:58:50] ✅ Data succesvol opgeslagen voor endpoint: tideData
[2025-06-11 07:58:50] ✅ Data succesvol opgeslagen voor endpoint: waterHoogteScheveningenData
[2025-06-11 07:58:51] ✅ Data succesvol opgeslagen voor endpoint: waterHoogteVerwachtScheveningenData
[2025-06-11 07:58:51] ✅ Data succesvol opgeslagen voor endpoint: waterHoogteAstronimischScheveningenData
[2025-06-13 13:51:19] ✅ Data succesvol opgeslagen voor endpoint: getijExtremenScheveningenData
[2025-06-13 13:51:19] ✅ Data succesvol opgeslagen voor endpoint: waterHoogteScheveningenData
[2025-06-13 13:51:19] ✅ Data succesvol opgeslagen voor endpoint: waterHoogteVerwachtScheveningenData
[2025-06-13 13:51:19] ✅ Data succesvol opgeslagen voor endpoint: ipgeolocationAstronomy
[2025-06-14 05:26:24] ✅ Data succesvol opgeslagen voor endpoint: getijExtremenScheveningenData
[2025-06-14 05:26:25] ✅ Data succesvol opgeslagen voor endpoint: waterHoogteScheveningenData
[2025-06-14 05:26:25] ✅ Data succesvol opgeslagen voor endpoint: waterHoogteVerwachtScheveningenData
[2025-06-14 05:26:25] ✅ Data succesvol opgeslagen voor endpoint: ipgeolocationAstronomy
[2025-06-15 05:26:24] ✅ Data succesvol opgeslagen voor endpoint: getijExtremenScheveningenData
[2025-06-15 05:26:24] ✅ Data succesvol opgeslagen voor endpoint: waterHoogteScheveningenData
[2025-06-15 05:26:24] ✅ Data succesvol opgeslagen voor endpoint: waterHoogteVerwachtScheveningenData
[2025-06-15 05:26:24] ✅ Data succesvol opgeslagen voor endpoint: ipgeolocationAstronomy
[2025-06-16 05:26:24] ✅ Data succesvol opgeslagen voor endpoint: getijExtremenScheveningenData
[2025-06-16 05:26:25] ✅ Data succesvol opgeslagen voor endpoint: waterHoogteScheveningenData
[2025-06-16 05:26:25] ✅ Data succesvol opgeslagen voor endpoint: waterHoogteVerwachtScheveningenData
[2025-06-16 05:26:25] ✅ Data succesvol opgeslagen voor endpoint: ipgeolocationAstronomy
